-------------------------------------------------------------------------------
Test set: runner.Runner
-------------------------------------------------------------------------------
Tests run: 1, Failures: 1, Errors: 0, Skipped: 0, Time elapsed: 25.99 s <<< FAILURE! - in runner.Runner
Login Functionalities.Login with valid Id and password  Time elapsed: 18.047 s  <<< FAILURE!
org.junit.ComparisonFailure: expected:<Welcome Test[S]> but was:<Welcome Test[]>

